
> frontend@0.0.0 dev /app/frontend
> vite --host 0.0.0.0 --port 3000


  VITE v6.3.5  ready in 1012 ms

  ➜  Local:   http://localhost:3000/
  ➜  Network: http://10.64.165.101:3000/
9:39:46 PM [vite] (client) Pre-transform error: Failed to load PostCSS config (searchPath: /app/frontend): [Error] Loading PostCSS Plugin failed: Cannot find module 'autoprefixer'
Require stack:
- /app/frontend/postcss.config.js

(@/app/frontend/postcss.config.js)
Error: Loading PostCSS Plugin failed: Cannot find module 'autoprefixer'
Require stack:
- /app/frontend/postcss.config.js

(@/app/frontend/postcss.config.js)
    at load (file:///app/frontend/node_modules/.pnpm/vite@6.3.5_jiti@2.4.2_lightningcss@1.30.1/node_modules/vite/dist/node/chunks/dep-DBxKXgDP.js:11776:11)
    at async Promise.all (index 1)
    at async plugins (file:///app/frontend/node_modules/.pnpm/vite@6.3.5_jiti@2.4.2_lightningcss@1.30.1/node_modules/vite/dist/node/chunks/dep-DBxKXgDP.js:11805:12)
    at async processResult (file:///app/frontend/node_modules/.pnpm/vite@6.3.5_jiti@2.4.2_lightningcss@1.30.1/node_modules/vite/dist/node/chunks/dep-DBxKXgDP.js:11876:14)
  Plugin: vite:css
  File: /app/frontend/src/index.css
9:39:48 PM [vite] (client) Pre-transform error: Failed to load PostCSS config (searchPath: /app/frontend): [Error] Loading PostCSS Plugin failed: Cannot find module 'autoprefixer'
Require stack:
- /app/frontend/postcss.config.js

(@/app/frontend/postcss.config.js)
Error: Loading PostCSS Plugin failed: Cannot find module 'autoprefixer'
Require stack:
- /app/frontend/postcss.config.js

(@/app/frontend/postcss.config.js)
    at load (file:///app/frontend/node_modules/.pnpm/vite@6.3.5_jiti@2.4.2_lightningcss@1.30.1/node_modules/vite/dist/node/chunks/dep-DBxKXgDP.js:11776:11)
    at async Promise.all (index 1)
    at async plugins (file:///app/frontend/node_modules/.pnpm/vite@6.3.5_jiti@2.4.2_lightningcss@1.30.1/node_modules/vite/dist/node/chunks/dep-DBxKXgDP.js:11805:12)
    at async processResult (file:///app/frontend/node_modules/.pnpm/vite@6.3.5_jiti@2.4.2_lightningcss@1.30.1/node_modules/vite/dist/node/chunks/dep-DBxKXgDP.js:11876:14)
  Plugin: vite:css
  File: /app/frontend/src/index.css
9:39:48 PM [vite] Internal server error: Failed to load PostCSS config (searchPath: /app/frontend): [Error] Loading PostCSS Plugin failed: Cannot find module 'autoprefixer'
Require stack:
- /app/frontend/postcss.config.js

(@/app/frontend/postcss.config.js)
Error: Loading PostCSS Plugin failed: Cannot find module 'autoprefixer'
Require stack:
- /app/frontend/postcss.config.js

(@/app/frontend/postcss.config.js)
    at load (file:///app/frontend/node_modules/.pnpm/vite@6.3.5_jiti@2.4.2_lightningcss@1.30.1/node_modules/vite/dist/node/chunks/dep-DBxKXgDP.js:11776:11)
    at async Promise.all (index 1)
    at async plugins (file:///app/frontend/node_modules/.pnpm/vite@6.3.5_jiti@2.4.2_lightningcss@1.30.1/node_modules/vite/dist/node/chunks/dep-DBxKXgDP.js:11805:12)
    at async processResult (file:///app/frontend/node_modules/.pnpm/vite@6.3.5_jiti@2.4.2_lightningcss@1.30.1/node_modules/vite/dist/node/chunks/dep-DBxKXgDP.js:11876:14)
  Plugin: vite:css
  File: /app/frontend/src/index.css
9:39:49 PM [vite] (client) Pre-transform error: Failed to load PostCSS config (searchPath: /app/frontend): [Error] Loading PostCSS Plugin failed: Cannot find module 'autoprefixer'
Require stack:
- /app/frontend/postcss.config.js

(@/app/frontend/postcss.config.js)
Error: Loading PostCSS Plugin failed: Cannot find module 'autoprefixer'
Require stack:
- /app/frontend/postcss.config.js

(@/app/frontend/postcss.config.js)
    at load (file:///app/frontend/node_modules/.pnpm/vite@6.3.5_jiti@2.4.2_lightningcss@1.30.1/node_modules/vite/dist/node/chunks/dep-DBxKXgDP.js:11776:11)
    at async Promise.all (index 1)
    at async plugins (file:///app/frontend/node_modules/.pnpm/vite@6.3.5_jiti@2.4.2_lightningcss@1.30.1/node_modules/vite/dist/node/chunks/dep-DBxKXgDP.js:11805:12)
    at async processResult (file:///app/frontend/node_modules/.pnpm/vite@6.3.5_jiti@2.4.2_lightningcss@1.30.1/node_modules/vite/dist/node/chunks/dep-DBxKXgDP.js:11876:14)
  Plugin: vite:css
  File: /app/frontend/src/index.css
9:39:49 PM [vite] (client) Pre-transform error: Failed to load PostCSS config (searchPath: /app/frontend): [Error] Loading PostCSS Plugin failed: Cannot find module 'autoprefixer'
Require stack:
- /app/frontend/postcss.config.js

(@/app/frontend/postcss.config.js)
Error: Loading PostCSS Plugin failed: Cannot find module 'autoprefixer'
Require stack:
- /app/frontend/postcss.config.js

(@/app/frontend/postcss.config.js)
    at load (file:///app/frontend/node_modules/.pnpm/vite@6.3.5_jiti@2.4.2_lightningcss@1.30.1/node_modules/vite/dist/node/chunks/dep-DBxKXgDP.js:11776:11)
    at async Promise.all (index 1)
    at async plugins (file:///app/frontend/node_modules/.pnpm/vite@6.3.5_jiti@2.4.2_lightningcss@1.30.1/node_modules/vite/dist/node/chunks/dep-DBxKXgDP.js:11805:12)
    at async processResult (file:///app/frontend/node_modules/.pnpm/vite@6.3.5_jiti@2.4.2_lightningcss@1.30.1/node_modules/vite/dist/node/chunks/dep-DBxKXgDP.js:11876:14)
  Plugin: vite:css
  File: /app/frontend/src/index.css
9:39:49 PM [vite] (client) Pre-transform error: Failed to load PostCSS config (searchPath: /app/frontend): [Error] Loading PostCSS Plugin failed: Cannot find module 'autoprefixer'
Require stack:
- /app/frontend/postcss.config.js

(@/app/frontend/postcss.config.js)
Error: Loading PostCSS Plugin failed: Cannot find module 'autoprefixer'
Require stack:
- /app/frontend/postcss.config.js

(@/app/frontend/postcss.config.js)
    at load (file:///app/frontend/node_modules/.pnpm/vite@6.3.5_jiti@2.4.2_lightningcss@1.30.1/node_modules/vite/dist/node/chunks/dep-DBxKXgDP.js:11776:11)
    at async Promise.all (index 1)
    at async plugins (file:///app/frontend/node_modules/.pnpm/vite@6.3.5_jiti@2.4.2_lightningcss@1.30.1/node_modules/vite/dist/node/chunks/dep-DBxKXgDP.js:11805:12)
    at async processResult (file:///app/frontend/node_modules/.pnpm/vite@6.3.5_jiti@2.4.2_lightningcss@1.30.1/node_modules/vite/dist/node/chunks/dep-DBxKXgDP.js:11876:14)
  Plugin: vite:css
  File: /app/frontend/src/index.css
9:39:49 PM [vite] (client) Pre-transform error: Failed to load PostCSS config (searchPath: /app/frontend): [Error] Loading PostCSS Plugin failed: Cannot find module 'autoprefixer'
Require stack:
- /app/frontend/postcss.config.js

(@/app/frontend/postcss.config.js)
Error: Loading PostCSS Plugin failed: Cannot find module 'autoprefixer'
Require stack:
- /app/frontend/postcss.config.js

(@/app/frontend/postcss.config.js)
    at load (file:///app/frontend/node_modules/.pnpm/vite@6.3.5_jiti@2.4.2_lightningcss@1.30.1/node_modules/vite/dist/node/chunks/dep-DBxKXgDP.js:11776:11)
    at async Promise.all (index 1)
    at async plugins (file:///app/frontend/node_modules/.pnpm/vite@6.3.5_jiti@2.4.2_lightningcss@1.30.1/node_modules/vite/dist/node/chunks/dep-DBxKXgDP.js:11805:12)
    at async processResult (file:///app/frontend/node_modules/.pnpm/vite@6.3.5_jiti@2.4.2_lightningcss@1.30.1/node_modules/vite/dist/node/chunks/dep-DBxKXgDP.js:11876:14)
  Plugin: vite:css
  File: /app/frontend/src/index.css
9:39:49 PM [vite] (client) Pre-transform error: Failed to load PostCSS config (searchPath: /app/frontend): [Error] Loading PostCSS Plugin failed: Cannot find module 'autoprefixer'
Require stack:
- /app/frontend/postcss.config.js

(@/app/frontend/postcss.config.js)
Error: Loading PostCSS Plugin failed: Cannot find module 'autoprefixer'
Require stack:
- /app/frontend/postcss.config.js

(@/app/frontend/postcss.config.js)
    at load (file:///app/frontend/node_modules/.pnpm/vite@6.3.5_jiti@2.4.2_lightningcss@1.30.1/node_modules/vite/dist/node/chunks/dep-DBxKXgDP.js:11776:11)
    at async Promise.all (index 1)
    at async plugins (file:///app/frontend/node_modules/.pnpm/vite@6.3.5_jiti@2.4.2_lightningcss@1.30.1/node_modules/vite/dist/node/chunks/dep-DBxKXgDP.js:11805:12)
    at async processResult (file:///app/frontend/node_modules/.pnpm/vite@6.3.5_jiti@2.4.2_lightningcss@1.30.1/node_modules/vite/dist/node/chunks/dep-DBxKXgDP.js:11876:14)
  Plugin: vite:css
  File: /app/frontend/src/index.css
9:39:49 PM [vite] (client) Pre-transform error: Failed to load PostCSS config (searchPath: /app/frontend): [Error] Loading PostCSS Plugin failed: Cannot find module 'autoprefixer'
Require stack:
- /app/frontend/postcss.config.js

(@/app/frontend/postcss.config.js)
Error: Loading PostCSS Plugin failed: Cannot find module 'autoprefixer'
Require stack:
- /app/frontend/postcss.config.js

(@/app/frontend/postcss.config.js)
    at load (file:///app/frontend/node_modules/.pnpm/vite@6.3.5_jiti@2.4.2_lightningcss@1.30.1/node_modules/vite/dist/node/chunks/dep-DBxKXgDP.js:11776:11)
    at async Promise.all (index 1)
    at async plugins (file:///app/frontend/node_modules/.pnpm/vite@6.3.5_jiti@2.4.2_lightningcss@1.30.1/node_modules/vite/dist/node/chunks/dep-DBxKXgDP.js:11805:12)
    at async processResult (file:///app/frontend/node_modules/.pnpm/vite@6.3.5_jiti@2.4.2_lightningcss@1.30.1/node_modules/vite/dist/node/chunks/dep-DBxKXgDP.js:11876:14)
  Plugin: vite:css
  File: /app/frontend/src/index.css
9:39:49 PM [vite] (client) Pre-transform error: Failed to load PostCSS config (searchPath: /app/frontend): [Error] Loading PostCSS Plugin failed: Cannot find module 'autoprefixer'
Require stack:
- /app/frontend/postcss.config.js

(@/app/frontend/postcss.config.js)
Error: Loading PostCSS Plugin failed: Cannot find module 'autoprefixer'
Require stack:
- /app/frontend/postcss.config.js

(@/app/frontend/postcss.config.js)
    at load (file:///app/frontend/node_modules/.pnpm/vite@6.3.5_jiti@2.4.2_lightningcss@1.30.1/node_modules/vite/dist/node/chunks/dep-DBxKXgDP.js:11776:11)
    at async Promise.all (index 1)
    at async plugins (file:///app/frontend/node_modules/.pnpm/vite@6.3.5_jiti@2.4.2_lightningcss@1.30.1/node_modules/vite/dist/node/chunks/dep-DBxKXgDP.js:11805:12)
    at async processResult (file:///app/frontend/node_modules/.pnpm/vite@6.3.5_jiti@2.4.2_lightningcss@1.30.1/node_modules/vite/dist/node/chunks/dep-DBxKXgDP.js:11876:14)
  Plugin: vite:css
  File: /app/frontend/src/index.css
9:39:49 PM [vite] Internal server error: Failed to load PostCSS config (searchPath: /app/frontend): [Error] Loading PostCSS Plugin failed: Cannot find module 'autoprefixer'
Require stack:
- /app/frontend/postcss.config.js

(@/app/frontend/postcss.config.js)
Error: Loading PostCSS Plugin failed: Cannot find module 'autoprefixer'
Require stack:
- /app/frontend/postcss.config.js

(@/app/frontend/postcss.config.js)
    at load (file:///app/frontend/node_modules/.pnpm/vite@6.3.5_jiti@2.4.2_lightningcss@1.30.1/node_modules/vite/dist/node/chunks/dep-DBxKXgDP.js:11776:11)
    at async Promise.all (index 1)
    at async plugins (file:///app/frontend/node_modules/.pnpm/vite@6.3.5_jiti@2.4.2_lightningcss@1.30.1/node_modules/vite/dist/node/chunks/dep-DBxKXgDP.js:11805:12)
    at async processResult (file:///app/frontend/node_modules/.pnpm/vite@6.3.5_jiti@2.4.2_lightningcss@1.30.1/node_modules/vite/dist/node/chunks/dep-DBxKXgDP.js:11876:14)
  Plugin: vite:css
  File: /app/frontend/src/index.css
9:39:49 PM [vite] Internal server error: Failed to load PostCSS config (searchPath: /app/frontend): [Error] Loading PostCSS Plugin failed: Cannot find module 'autoprefixer'
Require stack:
- /app/frontend/postcss.config.js

(@/app/frontend/postcss.config.js)
Error: Loading PostCSS Plugin failed: Cannot find module 'autoprefixer'
Require stack:
- /app/frontend/postcss.config.js

(@/app/frontend/postcss.config.js)
    at load (file:///app/frontend/node_modules/.pnpm/vite@6.3.5_jiti@2.4.2_lightningcss@1.30.1/node_modules/vite/dist/node/chunks/dep-DBxKXgDP.js:11776:11)
    at async Promise.all (index 1)
    at async plugins (file:///app/frontend/node_modules/.pnpm/vite@6.3.5_jiti@2.4.2_lightningcss@1.30.1/node_modules/vite/dist/node/chunks/dep-DBxKXgDP.js:11805:12)
    at async processResult (file:///app/frontend/node_modules/.pnpm/vite@6.3.5_jiti@2.4.2_lightningcss@1.30.1/node_modules/vite/dist/node/chunks/dep-DBxKXgDP.js:11876:14)
  Plugin: vite:css
  File: /app/frontend/src/index.css
9:39:49 PM [vite] Internal server error: Failed to load PostCSS config (searchPath: /app/frontend): [Error] Loading PostCSS Plugin failed: Cannot find module 'autoprefixer'
Require stack:
- /app/frontend/postcss.config.js

(@/app/frontend/postcss.config.js)
Error: Loading PostCSS Plugin failed: Cannot find module 'autoprefixer'
Require stack:
- /app/frontend/postcss.config.js

(@/app/frontend/postcss.config.js)
    at load (file:///app/frontend/node_modules/.pnpm/vite@6.3.5_jiti@2.4.2_lightningcss@1.30.1/node_modules/vite/dist/node/chunks/dep-DBxKXgDP.js:11776:11)
    at async Promise.all (index 1)
    at async plugins (file:///app/frontend/node_modules/.pnpm/vite@6.3.5_jiti@2.4.2_lightningcss@1.30.1/node_modules/vite/dist/node/chunks/dep-DBxKXgDP.js:11805:12)
    at async processResult (file:///app/frontend/node_modules/.pnpm/vite@6.3.5_jiti@2.4.2_lightningcss@1.30.1/node_modules/vite/dist/node/chunks/dep-DBxKXgDP.js:11876:14)
  Plugin: vite:css
  File: /app/frontend/src/index.css
 ELIFECYCLE  Command failed.
