
> frontend@0.0.0 dev /app/frontend
> vite --host 0.0.0.0 --port 3000

9:40:19 PM [vite] (client) Re-optimizing dependencies because lockfile has changed

  VITE v6.3.5  ready in 1058 ms

  ➜  Local:   http://localhost:3000/
  ➜  Network: http://10.64.165.101:3000/
9:40:25 PM [vite] (client) Pre-transform error: [postcss] It looks like you're trying to use `tailwindcss` directly as a PostCSS plugin. The PostCSS plugin has moved to a separate package, so to continue using Tailwind CSS with PostCSS you'll need to install `@tailwindcss/postcss` and update your PostCSS configuration.
  Plugin: vite:css
  File: /app/frontend/src/index.css:undefined:NaN
9:40:26 PM [vite] (client) Pre-transform error: [postcss] It looks like you're trying to use `tailwindcss` directly as a PostCSS plugin. The PostCSS plugin has moved to a separate package, so to continue using Tailwind CSS with PostCSS you'll need to install `@tailwindcss/postcss` and update your PostCSS configuration.
  Plugin: vite:css
  File: /app/frontend/src/App.css:undefined:NaN
9:40:27 PM [vite] Internal server error: [postcss] It looks like you're trying to use `tailwindcss` directly as a PostCSS plugin. The PostCSS plugin has moved to a separate package, so to continue using Tailwind CSS with PostCSS you'll need to install `@tailwindcss/postcss` and update your PostCSS configuration.
  Plugin: vite:css
  File: /app/frontend/src/index.css:undefined:NaN
      at We (/app/frontend/node_modules/.pnpm/tailwindcss@4.1.7/node_modules/tailwindcss/dist/lib.js:35:2121)
      at LazyResult.runOnRoot (/app/frontend/node_modules/.pnpm/postcss@8.5.3/node_modules/postcss/lib/lazy-result.js:361:16)
      at LazyResult.runAsync (/app/frontend/node_modules/.pnpm/postcss@8.5.3/node_modules/postcss/lib/lazy-result.js:290:26)
      at LazyResult.async (/app/frontend/node_modules/.pnpm/postcss@8.5.3/node_modules/postcss/lib/lazy-result.js:192:30)
      at LazyResult.then (/app/frontend/node_modules/.pnpm/postcss@8.5.3/node_modules/postcss/lib/lazy-result.js:436:17)
9:40:27 PM [vite] (client) Pre-transform error: [postcss] It looks like you're trying to use `tailwindcss` directly as a PostCSS plugin. The PostCSS plugin has moved to a separate package, so to continue using Tailwind CSS with PostCSS you'll need to install `@tailwindcss/postcss` and update your PostCSS configuration.
  Plugin: vite:css
  File: /app/frontend/node_modules/.pnpm/@uiw+react-markdown-preview@5.1.5_@types+react@19.1.4_react-dom@19.1.0_react@19.1.0__react@19.1.0/node_modules/@uiw/react-markdown-preview/esm/styles/markdown.css:undefined:NaN
9:40:27 PM [vite] (client) Pre-transform error: [postcss] It looks like you're trying to use `tailwindcss` directly as a PostCSS plugin. The PostCSS plugin has moved to a separate package, so to continue using Tailwind CSS with PostCSS you'll need to install `@tailwindcss/postcss` and update your PostCSS configuration.
  Plugin: vite:css
  File: /app/frontend/node_modules/.pnpm/@uiw+react-md-editor@4.0.8_@types+react@19.1.4_react-dom@19.1.0_react@19.1.0__react@19.1.0/node_modules/@uiw/react-md-editor/esm/components/Toolbar/index.css:undefined:NaN
9:40:27 PM [vite] (client) Pre-transform error: [postcss] It looks like you're trying to use `tailwindcss` directly as a PostCSS plugin. The PostCSS plugin has moved to a separate package, so to continue using Tailwind CSS with PostCSS you'll need to install `@tailwindcss/postcss` and update your PostCSS configuration.
  Plugin: vite:css
  File: /app/frontend/node_modules/.pnpm/@uiw+react-md-editor@4.0.8_@types+react@19.1.4_react-dom@19.1.0_react@19.1.0__react@19.1.0/node_modules/@uiw/react-md-editor/esm/components/Toolbar/Child.css:undefined:NaN
9:40:27 PM [vite] (client) Pre-transform error: [postcss] It looks like you're trying to use `tailwindcss` directly as a PostCSS plugin. The PostCSS plugin has moved to a separate package, so to continue using Tailwind CSS with PostCSS you'll need to install `@tailwindcss/postcss` and update your PostCSS configuration.
  Plugin: vite:css
  File: /app/frontend/node_modules/.pnpm/@uiw+react-md-editor@4.0.8_@types+react@19.1.4_react-dom@19.1.0_react@19.1.0__react@19.1.0/node_modules/@uiw/react-md-editor/esm/components/TextArea/index.css:undefined:NaN
9:40:27 PM [vite] (client) Pre-transform error: [postcss] It looks like you're trying to use `tailwindcss` directly as a PostCSS plugin. The PostCSS plugin has moved to a separate package, so to continue using Tailwind CSS with PostCSS you'll need to install `@tailwindcss/postcss` and update your PostCSS configuration.
  Plugin: vite:css
  File: /app/frontend/node_modules/.pnpm/@uiw+react-md-editor@4.0.8_@types+react@19.1.4_react-dom@19.1.0_react@19.1.0__react@19.1.0/node_modules/@uiw/react-md-editor/esm/components/TextArea/index.css:undefined:NaN
9:40:27 PM [vite] (client) Pre-transform error: [postcss] It looks like you're trying to use `tailwindcss` directly as a PostCSS plugin. The PostCSS plugin has moved to a separate package, so to continue using Tailwind CSS with PostCSS you'll need to install `@tailwindcss/postcss` and update your PostCSS configuration.
  Plugin: vite:css
  File: /app/frontend/node_modules/.pnpm/@uiw+react-md-editor@4.0.8_@types+react@19.1.4_react-dom@19.1.0_react@19.1.0__react@19.1.0/node_modules/@uiw/react-md-editor/esm/components/DragBar/index.css:undefined:NaN
9:40:27 PM [vite] (client) Pre-transform error: [postcss] It looks like you're trying to use `tailwindcss` directly as a PostCSS plugin. The PostCSS plugin has moved to a separate package, so to continue using Tailwind CSS with PostCSS you'll need to install `@tailwindcss/postcss` and update your PostCSS configuration.
  Plugin: vite:css
  File: /app/frontend/node_modules/.pnpm/@uiw+react-md-editor@4.0.8_@types+react@19.1.4_react-dom@19.1.0_react@19.1.0__react@19.1.0/node_modules/@uiw/react-md-editor/esm/index.css:undefined:NaN
9:40:27 PM [vite] Internal server error: [postcss] It looks like you're trying to use `tailwindcss` directly as a PostCSS plugin. The PostCSS plugin has moved to a separate package, so to continue using Tailwind CSS with PostCSS you'll need to install `@tailwindcss/postcss` and update your PostCSS configuration.
  Plugin: vite:css
  File: /app/frontend/src/App.css:undefined:NaN
      at We (/app/frontend/node_modules/.pnpm/tailwindcss@4.1.7/node_modules/tailwindcss/dist/lib.js:35:2121)
      at LazyResult.runOnRoot (/app/frontend/node_modules/.pnpm/postcss@8.5.3/node_modules/postcss/lib/lazy-result.js:361:16)
      at LazyResult.runAsync (/app/frontend/node_modules/.pnpm/postcss@8.5.3/node_modules/postcss/lib/lazy-result.js:290:26)
      at LazyResult.async (/app/frontend/node_modules/.pnpm/postcss@8.5.3/node_modules/postcss/lib/lazy-result.js:192:30)
      at LazyResult.then (/app/frontend/node_modules/.pnpm/postcss@8.5.3/node_modules/postcss/lib/lazy-result.js:436:17)
9:40:47 PM [vite] Internal server error: [postcss] It looks like you're trying to use `tailwindcss` directly as a PostCSS plugin. The PostCSS plugin has moved to a separate package, so to continue using Tailwind CSS with PostCSS you'll need to install `@tailwindcss/postcss` and update your PostCSS configuration.
  Plugin: vite:css
  File: /app/frontend/src/index.css:undefined:NaN
      at We (/app/frontend/node_modules/.pnpm/tailwindcss@4.1.7/node_modules/tailwindcss/dist/lib.js:35:2121)
      at LazyResult.runOnRoot (/app/frontend/node_modules/.pnpm/postcss@8.5.3/node_modules/postcss/lib/lazy-result.js:361:16)
      at LazyResult.runAsync (/app/frontend/node_modules/.pnpm/postcss@8.5.3/node_modules/postcss/lib/lazy-result.js:290:26)
      at LazyResult.async (/app/frontend/node_modules/.pnpm/postcss@8.5.3/node_modules/postcss/lib/lazy-result.js:192:30)
      at LazyResult.then (/app/frontend/node_modules/.pnpm/postcss@8.5.3/node_modules/postcss/lib/lazy-result.js:436:17)
 ELIFECYCLE  Command failed.
