
> frontend@0.0.0 dev /app/frontend
> vite --host 0.0.0.0 --port 3000


  VITE v6.3.5  ready in 994 ms

  ➜  Local:   http://localhost:3000/
  ➜  Network: http://10.64.165.101:3000/
9:38:43 PM [vite] (client) Pre-transform error: Failed to load PostCSS config (searchPath: /app/frontend): [ReferenceError] module is not defined in ES module scope
This file is being treated as an ES module because it has a '.js' file extension and '/app/frontend/package.json' contains "type": "module". To treat it as a CommonJS script, rename it to use the '.cjs' file extension.
ReferenceError: module is not defined in ES module scope
This file is being treated as an ES module because it has a '.js' file extension and '/app/frontend/package.json' contains "type": "module". To treat it as a CommonJS script, rename it to use the '.cjs' file extension.
    at file:///app/frontend/postcss.config.js?t=1753911496667:1:1
    at ModuleJob.run (node:internal/modules/esm/module_job:263:25)
    at async ModuleLoader.import (node:internal/modules/esm/loader:540:24)
    at async req$3 (file:///app/frontend/node_modules/.pnpm/vite@6.3.5_jiti@2.4.2_lightningcss@1.30.1/node_modules/vite/dist/node/chunks/dep-DBxKXgDP.js:11658:13)
    at async Object.search (file:///app/frontend/node_modules/.pnpm/vite@6.3.5_jiti@2.4.2_lightningcss@1.30.1/node_modules/vite/dist/node/chunks/dep-DBxKXgDP.js:11400:23)
  Plugin: vite:css
  File: /app/frontend/src/index.css
9:38:44 PM [vite] Internal server error: Failed to load PostCSS config (searchPath: /app/frontend): [ReferenceError] module is not defined in ES module scope
This file is being treated as an ES module because it has a '.js' file extension and '/app/frontend/package.json' contains "type": "module". To treat it as a CommonJS script, rename it to use the '.cjs' file extension.
ReferenceError: module is not defined in ES module scope
This file is being treated as an ES module because it has a '.js' file extension and '/app/frontend/package.json' contains "type": "module". To treat it as a CommonJS script, rename it to use the '.cjs' file extension.
    at file:///app/frontend/postcss.config.js?t=1753911496667:1:1
    at ModuleJob.run (node:internal/modules/esm/module_job:263:25)
    at async ModuleLoader.import (node:internal/modules/esm/loader:540:24)
    at async req$3 (file:///app/frontend/node_modules/.pnpm/vite@6.3.5_jiti@2.4.2_lightningcss@1.30.1/node_modules/vite/dist/node/chunks/dep-DBxKXgDP.js:11658:13)
    at async Object.search (file:///app/frontend/node_modules/.pnpm/vite@6.3.5_jiti@2.4.2_lightningcss@1.30.1/node_modules/vite/dist/node/chunks/dep-DBxKXgDP.js:11400:23)
  Plugin: vite:css
  File: /app/frontend/src/index.css
9:38:45 PM [vite] (client) Pre-transform error: Failed to load PostCSS config (searchPath: /app/frontend): [ReferenceError] module is not defined in ES module scope
This file is being treated as an ES module because it has a '.js' file extension and '/app/frontend/package.json' contains "type": "module". To treat it as a CommonJS script, rename it to use the '.cjs' file extension.
ReferenceError: module is not defined in ES module scope
This file is being treated as an ES module because it has a '.js' file extension and '/app/frontend/package.json' contains "type": "module". To treat it as a CommonJS script, rename it to use the '.cjs' file extension.
    at file:///app/frontend/postcss.config.js?t=1753911496667:1:1
    at ModuleJob.run (node:internal/modules/esm/module_job:263:25)
    at async ModuleLoader.import (node:internal/modules/esm/loader:540:24)
    at async req$3 (file:///app/frontend/node_modules/.pnpm/vite@6.3.5_jiti@2.4.2_lightningcss@1.30.1/node_modules/vite/dist/node/chunks/dep-DBxKXgDP.js:11658:13)
    at async Object.search (file:///app/frontend/node_modules/.pnpm/vite@6.3.5_jiti@2.4.2_lightningcss@1.30.1/node_modules/vite/dist/node/chunks/dep-DBxKXgDP.js:11400:23)
  Plugin: vite:css
  File: /app/frontend/src/index.css
9:38:46 PM [vite] Internal server error: Failed to load PostCSS config (searchPath: /app/frontend): [ReferenceError] module is not defined in ES module scope
This file is being treated as an ES module because it has a '.js' file extension and '/app/frontend/package.json' contains "type": "module". To treat it as a CommonJS script, rename it to use the '.cjs' file extension.
ReferenceError: module is not defined in ES module scope
This file is being treated as an ES module because it has a '.js' file extension and '/app/frontend/package.json' contains "type": "module". To treat it as a CommonJS script, rename it to use the '.cjs' file extension.
    at file:///app/frontend/postcss.config.js?t=1753911496667:1:1
    at ModuleJob.run (node:internal/modules/esm/module_job:263:25)
    at async ModuleLoader.import (node:internal/modules/esm/loader:540:24)
    at async req$3 (file:///app/frontend/node_modules/.pnpm/vite@6.3.5_jiti@2.4.2_lightningcss@1.30.1/node_modules/vite/dist/node/chunks/dep-DBxKXgDP.js:11658:13)
    at async Object.search (file:///app/frontend/node_modules/.pnpm/vite@6.3.5_jiti@2.4.2_lightningcss@1.30.1/node_modules/vite/dist/node/chunks/dep-DBxKXgDP.js:11400:23)
  Plugin: vite:css
  File: /app/frontend/src/index.css
9:38:46 PM [vite] (client) Pre-transform error: Failed to load PostCSS config (searchPath: /app/frontend): [ReferenceError] module is not defined in ES module scope
This file is being treated as an ES module because it has a '.js' file extension and '/app/frontend/package.json' contains "type": "module". To treat it as a CommonJS script, rename it to use the '.cjs' file extension.
ReferenceError: module is not defined in ES module scope
This file is being treated as an ES module because it has a '.js' file extension and '/app/frontend/package.json' contains "type": "module". To treat it as a CommonJS script, rename it to use the '.cjs' file extension.
    at file:///app/frontend/postcss.config.js?t=1753911496667:1:1
    at ModuleJob.run (node:internal/modules/esm/module_job:263:25)
    at async ModuleLoader.import (node:internal/modules/esm/loader:540:24)
    at async req$3 (file:///app/frontend/node_modules/.pnpm/vite@6.3.5_jiti@2.4.2_lightningcss@1.30.1/node_modules/vite/dist/node/chunks/dep-DBxKXgDP.js:11658:13)
    at async Object.search (file:///app/frontend/node_modules/.pnpm/vite@6.3.5_jiti@2.4.2_lightningcss@1.30.1/node_modules/vite/dist/node/chunks/dep-DBxKXgDP.js:11400:23)
  Plugin: vite:css
  File: /app/frontend/src/index.css
9:38:46 PM [vite] (client) Pre-transform error: Failed to load PostCSS config (searchPath: /app/frontend): [ReferenceError] module is not defined in ES module scope
This file is being treated as an ES module because it has a '.js' file extension and '/app/frontend/package.json' contains "type": "module". To treat it as a CommonJS script, rename it to use the '.cjs' file extension.
ReferenceError: module is not defined in ES module scope
This file is being treated as an ES module because it has a '.js' file extension and '/app/frontend/package.json' contains "type": "module". To treat it as a CommonJS script, rename it to use the '.cjs' file extension.
    at file:///app/frontend/postcss.config.js?t=1753911496667:1:1
    at ModuleJob.run (node:internal/modules/esm/module_job:263:25)
    at async ModuleLoader.import (node:internal/modules/esm/loader:540:24)
    at async req$3 (file:///app/frontend/node_modules/.pnpm/vite@6.3.5_jiti@2.4.2_lightningcss@1.30.1/node_modules/vite/dist/node/chunks/dep-DBxKXgDP.js:11658:13)
    at async Object.search (file:///app/frontend/node_modules/.pnpm/vite@6.3.5_jiti@2.4.2_lightningcss@1.30.1/node_modules/vite/dist/node/chunks/dep-DBxKXgDP.js:11400:23)
  Plugin: vite:css
  File: /app/frontend/src/index.css
9:38:46 PM [vite] (client) Pre-transform error: Failed to load PostCSS config (searchPath: /app/frontend): [ReferenceError] module is not defined in ES module scope
This file is being treated as an ES module because it has a '.js' file extension and '/app/frontend/package.json' contains "type": "module". To treat it as a CommonJS script, rename it to use the '.cjs' file extension.
ReferenceError: module is not defined in ES module scope
This file is being treated as an ES module because it has a '.js' file extension and '/app/frontend/package.json' contains "type": "module". To treat it as a CommonJS script, rename it to use the '.cjs' file extension.
    at file:///app/frontend/postcss.config.js?t=1753911496667:1:1
    at ModuleJob.run (node:internal/modules/esm/module_job:263:25)
    at async ModuleLoader.import (node:internal/modules/esm/loader:540:24)
    at async req$3 (file:///app/frontend/node_modules/.pnpm/vite@6.3.5_jiti@2.4.2_lightningcss@1.30.1/node_modules/vite/dist/node/chunks/dep-DBxKXgDP.js:11658:13)
    at async Object.search (file:///app/frontend/node_modules/.pnpm/vite@6.3.5_jiti@2.4.2_lightningcss@1.30.1/node_modules/vite/dist/node/chunks/dep-DBxKXgDP.js:11400:23)
  Plugin: vite:css
  File: /app/frontend/src/index.css
9:38:46 PM [vite] (client) Pre-transform error: Failed to load PostCSS config (searchPath: /app/frontend): [ReferenceError] module is not defined in ES module scope
This file is being treated as an ES module because it has a '.js' file extension and '/app/frontend/package.json' contains "type": "module". To treat it as a CommonJS script, rename it to use the '.cjs' file extension.
ReferenceError: module is not defined in ES module scope
This file is being treated as an ES module because it has a '.js' file extension and '/app/frontend/package.json' contains "type": "module". To treat it as a CommonJS script, rename it to use the '.cjs' file extension.
    at file:///app/frontend/postcss.config.js?t=1753911496667:1:1
    at ModuleJob.run (node:internal/modules/esm/module_job:263:25)
    at async ModuleLoader.import (node:internal/modules/esm/loader:540:24)
    at async req$3 (file:///app/frontend/node_modules/.pnpm/vite@6.3.5_jiti@2.4.2_lightningcss@1.30.1/node_modules/vite/dist/node/chunks/dep-DBxKXgDP.js:11658:13)
    at async Object.search (file:///app/frontend/node_modules/.pnpm/vite@6.3.5_jiti@2.4.2_lightningcss@1.30.1/node_modules/vite/dist/node/chunks/dep-DBxKXgDP.js:11400:23)
  Plugin: vite:css
  File: /app/frontend/src/index.css
9:38:46 PM [vite] (client) Pre-transform error: Failed to load PostCSS config (searchPath: /app/frontend): [ReferenceError] module is not defined in ES module scope
This file is being treated as an ES module because it has a '.js' file extension and '/app/frontend/package.json' contains "type": "module". To treat it as a CommonJS script, rename it to use the '.cjs' file extension.
ReferenceError: module is not defined in ES module scope
This file is being treated as an ES module because it has a '.js' file extension and '/app/frontend/package.json' contains "type": "module". To treat it as a CommonJS script, rename it to use the '.cjs' file extension.
    at file:///app/frontend/postcss.config.js?t=1753911496667:1:1
    at ModuleJob.run (node:internal/modules/esm/module_job:263:25)
    at async ModuleLoader.import (node:internal/modules/esm/loader:540:24)
    at async req$3 (file:///app/frontend/node_modules/.pnpm/vite@6.3.5_jiti@2.4.2_lightningcss@1.30.1/node_modules/vite/dist/node/chunks/dep-DBxKXgDP.js:11658:13)
    at async Object.search (file:///app/frontend/node_modules/.pnpm/vite@6.3.5_jiti@2.4.2_lightningcss@1.30.1/node_modules/vite/dist/node/chunks/dep-DBxKXgDP.js:11400:23)
  Plugin: vite:css
  File: /app/frontend/src/index.css
9:38:46 PM [vite] (client) Pre-transform error: Failed to load PostCSS config (searchPath: /app/frontend): [ReferenceError] module is not defined in ES module scope
This file is being treated as an ES module because it has a '.js' file extension and '/app/frontend/package.json' contains "type": "module". To treat it as a CommonJS script, rename it to use the '.cjs' file extension.
ReferenceError: module is not defined in ES module scope
This file is being treated as an ES module because it has a '.js' file extension and '/app/frontend/package.json' contains "type": "module". To treat it as a CommonJS script, rename it to use the '.cjs' file extension.
    at file:///app/frontend/postcss.config.js?t=1753911496667:1:1
    at ModuleJob.run (node:internal/modules/esm/module_job:263:25)
    at async ModuleLoader.import (node:internal/modules/esm/loader:540:24)
    at async req$3 (file:///app/frontend/node_modules/.pnpm/vite@6.3.5_jiti@2.4.2_lightningcss@1.30.1/node_modules/vite/dist/node/chunks/dep-DBxKXgDP.js:11658:13)
    at async Object.search (file:///app/frontend/node_modules/.pnpm/vite@6.3.5_jiti@2.4.2_lightningcss@1.30.1/node_modules/vite/dist/node/chunks/dep-DBxKXgDP.js:11400:23)
  Plugin: vite:css
  File: /app/frontend/src/index.css
9:38:46 PM [vite] (client) Pre-transform error: Failed to load PostCSS config (searchPath: /app/frontend): [ReferenceError] module is not defined in ES module scope
This file is being treated as an ES module because it has a '.js' file extension and '/app/frontend/package.json' contains "type": "module". To treat it as a CommonJS script, rename it to use the '.cjs' file extension.
ReferenceError: module is not defined in ES module scope
This file is being treated as an ES module because it has a '.js' file extension and '/app/frontend/package.json' contains "type": "module". To treat it as a CommonJS script, rename it to use the '.cjs' file extension.
    at file:///app/frontend/postcss.config.js?t=1753911496667:1:1
    at ModuleJob.run (node:internal/modules/esm/module_job:263:25)
    at async ModuleLoader.import (node:internal/modules/esm/loader:540:24)
    at async req$3 (file:///app/frontend/node_modules/.pnpm/vite@6.3.5_jiti@2.4.2_lightningcss@1.30.1/node_modules/vite/dist/node/chunks/dep-DBxKXgDP.js:11658:13)
    at async Object.search (file:///app/frontend/node_modules/.pnpm/vite@6.3.5_jiti@2.4.2_lightningcss@1.30.1/node_modules/vite/dist/node/chunks/dep-DBxKXgDP.js:11400:23)
  Plugin: vite:css
  File: /app/frontend/src/index.css
9:38:46 PM [vite] Internal server error: Failed to load PostCSS config (searchPath: /app/frontend): [ReferenceError] module is not defined in ES module scope
This file is being treated as an ES module because it has a '.js' file extension and '/app/frontend/package.json' contains "type": "module". To treat it as a CommonJS script, rename it to use the '.cjs' file extension.
ReferenceError: module is not defined in ES module scope
This file is being treated as an ES module because it has a '.js' file extension and '/app/frontend/package.json' contains "type": "module". To treat it as a CommonJS script, rename it to use the '.cjs' file extension.
    at file:///app/frontend/postcss.config.js?t=1753911496667:1:1
    at ModuleJob.run (node:internal/modules/esm/module_job:263:25)
    at async ModuleLoader.import (node:internal/modules/esm/loader:540:24)
    at async req$3 (file:///app/frontend/node_modules/.pnpm/vite@6.3.5_jiti@2.4.2_lightningcss@1.30.1/node_modules/vite/dist/node/chunks/dep-DBxKXgDP.js:11658:13)
    at async Object.search (file:///app/frontend/node_modules/.pnpm/vite@6.3.5_jiti@2.4.2_lightningcss@1.30.1/node_modules/vite/dist/node/chunks/dep-DBxKXgDP.js:11400:23)
  Plugin: vite:css
  File: /app/frontend/src/index.css
9:38:46 PM [vite] Internal server error: Failed to load PostCSS config (searchPath: /app/frontend): [ReferenceError] module is not defined in ES module scope
This file is being treated as an ES module because it has a '.js' file extension and '/app/frontend/package.json' contains "type": "module". To treat it as a CommonJS script, rename it to use the '.cjs' file extension.
ReferenceError: module is not defined in ES module scope
This file is being treated as an ES module because it has a '.js' file extension and '/app/frontend/package.json' contains "type": "module". To treat it as a CommonJS script, rename it to use the '.cjs' file extension.
    at file:///app/frontend/postcss.config.js?t=1753911496667:1:1
    at ModuleJob.run (node:internal/modules/esm/module_job:263:25)
    at async ModuleLoader.import (node:internal/modules/esm/loader:540:24)
    at async req$3 (file:///app/frontend/node_modules/.pnpm/vite@6.3.5_jiti@2.4.2_lightningcss@1.30.1/node_modules/vite/dist/node/chunks/dep-DBxKXgDP.js:11658:13)
    at async Object.search (file:///app/frontend/node_modules/.pnpm/vite@6.3.5_jiti@2.4.2_lightningcss@1.30.1/node_modules/vite/dist/node/chunks/dep-DBxKXgDP.js:11400:23)
  Plugin: vite:css
  File: /app/frontend/src/index.css
 ELIFECYCLE  Command failed.
